<?xml version="1.0" encoding="UTF-8"?>
<!-- Generated by org.testng.reporters.JUnitXMLReporter -->
<testsuite ignored="2" hostname="LAPTOP-IOFBFF8P" failures="0" tests="1" name="Surefire test" time="22.477" errors="0" timestamp="25 Feb 2021 13:58:27 GMT">
  <testcase classname="testSets.TS_LoginTest" name="Verify_User_Is_Able_To_Login_To_Application_Test_recording" time="17.743"/>
  <testcase classname="testSets.TS_LoginTest" name="Verify_User_Is_Able_To_Login_To_Application" time="0.0">
    <ignored/>
  </testcase> <!-- Verify_User_Is_Able_To_Login_To_Application -->
  <testcase classname="testSets.TS_LoginTest" name="Verify_User_Is_Able_To_Login_To_Application_Data_From_Excel" time="0.0">
    <ignored/>
  </testcase> <!-- Verify_User_Is_Able_To_Login_To_Application_Data_From_Excel -->
</testsuite> <!-- Surefire test -->
