<?xml version="1.0" encoding="UTF-8"?>
<!-- Generated by org.testng.reporters.JUnitXMLReporter -->
<testsuite ignored="1" hostname="LAPTOP-IOFBFF8P" failures="0" tests="2" name="Application Test 2" time="21.995" errors="0" timestamp="24 Feb 2021 12:56:33 GMT">
  <testcase classname="testSets.TS_LoginTest" name="Verify_User_Is_Able_To_Login_To_Application" time="18.552"/>
  <testcase classname="testSets.TS_LogsCheck" name="TEST_Logging" time="0.004"/>
  <testcase classname="testSets.TS_LoginTest" name="Verify_User_Is_Able_To_Login_To_Application_Data_From_Excel" time="0.0">
    <ignored/>
  </testcase> <!-- Verify_User_Is_Able_To_Login_To_Application_Data_From_Excel -->
</testsuite> <!-- Application Test 2 -->
