<?xml version="1.0" encoding="UTF-8"?>
<!-- Generated by org.testng.reporters.JUnitXMLReporter -->
<testsuite ignored="3" hostname="LAPTOP-IOFBFF8P" failures="0" tests="1" name="Default test" time="31.338" errors="0" timestamp="07 Mar 2021 09:34:57 GMT">
  <testcase classname="testSets.TS_LoginTest" name="Verify_User_Is_Able_To_Click_On_All_Products" time="27.343"/>
  <testcase classname="testSets.TS_LoginTest" name="Verify_User_Is_Able_To_Login_To_Application" time="0.0">
    <ignored/>
  </testcase> <!-- Verify_User_Is_Able_To_Login_To_Application -->
  <testcase classname="testSets.TS_LoginTest" name="Verify_User_Is_Able_To_Login_To_Application_Test_recording" time="0.0">
    <ignored/>
  </testcase> <!-- Verify_User_Is_Able_To_Login_To_Application_Test_recording -->
  <testcase classname="testSets.TS_LoginTest" name="Verify_User_Is_Able_To_Login_To_Application_Data_From_Excel" time="0.0">
    <ignored/>
  </testcase> <!-- Verify_User_Is_Able_To_Login_To_Application_Data_From_Excel -->
</testsuite> <!-- Default test -->
